--------------------------------------------------------------------------------
Release 14.7 Trace  (nt64)
Copyright (c) 1995-2013 Xilinx, Inc.  All rights reserved.

C:\Xilinx\14.7\ISE_DS\ISE\bin\nt64\unwrapped\trce.exe -intstyle ise -v 3 -s 4
-n 3 -fastpaths -xml lab4.twx lab4.ncd -o lab4.twr lab4.pcf -ucf lab4icf.ucf

Design file:              lab4.ncd
Physical constraint file: lab4.pcf
Device,package,speed:     xc3s100e,cp132,-4 (PRODUCTION 1.27 2013-10-13)
Report level:             verbose report

Environment Variable      Effect 
--------------------      ------ 
NONE                      No environment variables were set
--------------------------------------------------------------------------------

INFO:Timing:2698 - No timing constraints found, doing default enumeration.
INFO:Timing:3412 - To improve timing, see the Timing Closure User Guide (UG612).
INFO:Timing:2752 - To get complete path coverage, use the unconstrained paths 
   option. All paths that are not constrained will be reported in the 
   unconstrained paths section(s) of the report.
INFO:Timing:3339 - The clock-to-out numbers in this timing report are based on 
   a 50 Ohm transmission line loading model.  For the details of this model, 
   and for more information on accounting for different loading conditions, 
   please see the device datasheet.
INFO:Timing:3390 - This architecture does not support a default System Jitter 
   value, please add SYSTEM_JITTER constraint to the UCF to modify the Clock 
   Uncertainty calculation.
INFO:Timing:3389 - This architecture does not support 'Discrete Jitter' and 
   'Phase Error' calculations, these terms will be zero in the Clock 
   Uncertainty calculation.  Please make appropriate modification to 
   SYSTEM_JITTER to account for the unsupported Discrete Jitter and Phase 
   Error.



Data Sheet report:
-----------------
All values displayed in nanoseconds (ns)

Setup/Hold to clock clk
------------+------------+------------+------------------+--------+
            |Max Setup to|Max Hold to |                  | Clock  |
Source      | clk (edge) | clk (edge) |Internal Clock(s) | Phase  |
------------+------------+------------+------------------+--------+
rst2        |    5.499(R)|    0.699(R)|clk_BUFGP         |   0.000|
------------+------------+------------+------------------+--------+

Clock clk to Pad
------------+------------+------------------+--------+
            | clk (edge) |                  | Clock  |
Destination |   to PAD   |Internal Clock(s) | Phase  |
------------+------------+------------------+--------+
display<0>  |   14.024(R)|clk_BUFGP         |   0.000|
display<1>  |   13.779(R)|clk_BUFGP         |   0.000|
display<2>  |   14.949(R)|clk_BUFGP         |   0.000|
display<3>  |   15.920(R)|clk_BUFGP         |   0.000|
display<4>  |   13.691(R)|clk_BUFGP         |   0.000|
display<5>  |   13.332(R)|clk_BUFGP         |   0.000|
display<6>  |   15.602(R)|clk_BUFGP         |   0.000|
light<0>    |   11.288(R)|clk_BUFGP         |   0.000|
light<1>    |   11.120(R)|clk_BUFGP         |   0.000|
light<2>    |   11.734(R)|clk_BUFGP         |   0.000|
light<3>    |   10.311(R)|clk_BUFGP         |   0.000|
light<4>    |    9.938(R)|clk_BUFGP         |   0.000|
light<5>    |   11.309(R)|clk_BUFGP         |   0.000|
segment<0>  |    8.905(R)|clk_BUFGP         |   0.000|
segment<1>  |   10.259(R)|clk_BUFGP         |   0.000|
segment<2>  |   10.008(R)|clk_BUFGP         |   0.000|
segment<3>  |    9.296(R)|clk_BUFGP         |   0.000|
------------+------------+------------------+--------+

Clock to Setup on destination clock clk
---------------+---------+---------+---------+---------+
               | Src:Rise| Src:Fall| Src:Rise| Src:Fall|
Source Clock   |Dest:Rise|Dest:Rise|Dest:Fall|Dest:Fall|
---------------+---------+---------+---------+---------+
clk            |    6.004|         |         |         |
---------------+---------+---------+---------+---------+


Analysis completed Fri Mar 03 19:41:22 2023 
--------------------------------------------------------------------------------

Trace Settings:
-------------------------
Trace Settings 

Peak Memory Usage: 4490 MB



